[2025-09-05T16:15:22.262+0000] {local_task_job_runner.py:120} INFO - ::group::Pre task execution logs
[2025-09-05T16:15:22.286+0000] {taskinstance.py:2076} INFO - Dependencies all met for dep_context=non-requeueable deps ti=<TaskInstance: etl_finanzas_dag.extract scheduled__2025-09-04T00:00:00+00:00 [queued]>
[2025-09-05T16:15:22.292+0000] {taskinstance.py:2076} INFO - Dependencies all met for dep_context=requeueable deps ti=<TaskInstance: etl_finanzas_dag.extract scheduled__2025-09-04T00:00:00+00:00 [queued]>
[2025-09-05T16:15:22.294+0000] {taskinstance.py:2306} INFO - Starting attempt 1 of 2
[2025-09-05T16:15:22.308+0000] {taskinstance.py:2330} INFO - Executing <Task(PythonOperator): extract> on 2025-09-04 00:00:00+00:00
[2025-09-05T16:15:22.323+0000] {standard_task_runner.py:90} INFO - Running: ['airflow', 'tasks', 'run', 'etl_finanzas_dag', 'extract', 'scheduled__2025-09-04T00:00:00+00:00', '--job-id', '2', '--raw', '--subdir', 'DAGS_FOLDER/etl_finanzas_dag.py', '--cfg-path', '/tmp/tmp3l9xb52c']
[2025-09-05T16:15:22.329+0000] {standard_task_runner.py:91} INFO - Job 2: Subtask extract
[2025-09-05T16:15:22.343+0000] {logging_mixin.py:188} WARNING - /home/airflow/.local/lib/python3.12/site-packages/airflow/task/task_runner/standard_task_runner.py:61 DeprecationWarning: This process (pid=170) is multi-threaded, use of fork() may lead to deadlocks in the child.
[2025-09-05T16:15:22.344+0000] {standard_task_runner.py:63} INFO - Started process 177 to run task
[2025-09-05T16:15:22.577+0000] {task_command.py:426} INFO - Running <TaskInstance: etl_finanzas_dag.extract scheduled__2025-09-04T00:00:00+00:00 [running]> on host 0b9a93795fbb
[2025-09-05T16:15:22.803+0000] {taskinstance.py:2648} INFO - Exporting env vars: AIRFLOW_CTX_DAG_OWNER='Freddy' AIRFLOW_CTX_DAG_ID='etl_finanzas_dag' AIRFLOW_CTX_TASK_ID='extract' AIRFLOW_CTX_EXECUTION_DATE='2025-09-04T00:00:00+00:00' AIRFLOW_CTX_TRY_NUMBER='1' AIRFLOW_CTX_DAG_RUN_ID='scheduled__2025-09-04T00:00:00+00:00'
[2025-09-05T16:15:22.806+0000] {taskinstance.py:430} INFO - ::endgroup::
[2025-09-05T16:15:23.035+0000] {logging_mixin.py:188} INFO - Datos extraidos correctamente:300 filas
[2025-09-05T16:15:23.056+0000] {python.py:237} INFO - Done. Returned value was: None
[2025-09-05T16:15:23.058+0000] {taskinstance.py:441} INFO - ::group::Post task execution logs
[2025-09-05T16:15:23.063+0000] {taskinstance.py:1206} INFO - Marking task as SUCCESS. dag_id=etl_finanzas_dag, task_id=extract, run_id=scheduled__2025-09-04T00:00:00+00:00, execution_date=20250904T000000, start_date=20250905T161522, end_date=20250905T161523
[2025-09-05T16:15:23.129+0000] {local_task_job_runner.py:240} INFO - Task exited with return code 0
[2025-09-05T16:15:23.147+0000] {taskinstance.py:3498} INFO - 1 downstream tasks scheduled from follow-on schedule check
[2025-09-05T16:15:23.153+0000] {local_task_job_runner.py:222} INFO - ::endgroup::
[2025-09-05T16:20:10.740+0000] {local_task_job_runner.py:120} INFO - ::group::Pre task execution logs
[2025-09-05T16:20:10.775+0000] {taskinstance.py:2076} INFO - Dependencies all met for dep_context=non-requeueable deps ti=<TaskInstance: etl_finanzas_dag.extract scheduled__2025-09-04T00:00:00+00:00 [queued]>
[2025-09-05T16:20:10.784+0000] {taskinstance.py:2076} INFO - Dependencies all met for dep_context=requeueable deps ti=<TaskInstance: etl_finanzas_dag.extract scheduled__2025-09-04T00:00:00+00:00 [queued]>
[2025-09-05T16:20:10.784+0000] {taskinstance.py:2306} INFO - Starting attempt 1 of 2
[2025-09-05T16:20:10.803+0000] {taskinstance.py:2330} INFO - Executing <Task(PythonOperator): extract> on 2025-09-04 00:00:00+00:00
[2025-09-05T16:20:10.857+0000] {standard_task_runner.py:90} INFO - Running: ['airflow', 'tasks', 'run', 'etl_finanzas_dag', 'extract', 'scheduled__2025-09-04T00:00:00+00:00', '--job-id', '2', '--raw', '--subdir', 'DAGS_FOLDER/etl_finanzas_dag.py', '--cfg-path', '/tmp/tmpvdu30r43']
[2025-09-05T16:20:10.881+0000] {standard_task_runner.py:91} INFO - Job 2: Subtask extract
[2025-09-05T16:20:10.901+0000] {logging_mixin.py:188} WARNING - /home/airflow/.local/lib/python3.12/site-packages/airflow/task/task_runner/standard_task_runner.py:61 DeprecationWarning: This process (pid=28) is multi-threaded, use of fork() may lead to deadlocks in the child.
[2025-09-05T16:20:10.902+0000] {standard_task_runner.py:63} INFO - Started process 42 to run task
[2025-09-05T16:20:11.117+0000] {task_command.py:426} INFO - Running <TaskInstance: etl_finanzas_dag.extract scheduled__2025-09-04T00:00:00+00:00 [running]> on host 2915bafccca2
[2025-09-05T16:20:11.280+0000] {taskinstance.py:2648} INFO - Exporting env vars: AIRFLOW_CTX_DAG_OWNER='Freddy' AIRFLOW_CTX_DAG_ID='etl_finanzas_dag' AIRFLOW_CTX_TASK_ID='extract' AIRFLOW_CTX_EXECUTION_DATE='2025-09-04T00:00:00+00:00' AIRFLOW_CTX_TRY_NUMBER='1' AIRFLOW_CTX_DAG_RUN_ID='scheduled__2025-09-04T00:00:00+00:00'
[2025-09-05T16:20:11.285+0000] {taskinstance.py:430} INFO - ::endgroup::
[2025-09-05T16:20:11.438+0000] {logging_mixin.py:188} INFO - Datos extraidos correctamente:300 filas
[2025-09-05T16:20:11.462+0000] {python.py:237} INFO - Done. Returned value was: None
[2025-09-05T16:20:11.463+0000] {taskinstance.py:441} INFO - ::group::Post task execution logs
[2025-09-05T16:20:11.469+0000] {taskinstance.py:1206} INFO - Marking task as SUCCESS. dag_id=etl_finanzas_dag, task_id=extract, run_id=scheduled__2025-09-04T00:00:00+00:00, execution_date=20250904T000000, start_date=20250905T162010, end_date=20250905T162011
[2025-09-05T16:20:11.536+0000] {local_task_job_runner.py:240} INFO - Task exited with return code 0
[2025-09-05T16:20:11.568+0000] {taskinstance.py:3498} INFO - 1 downstream tasks scheduled from follow-on schedule check
[2025-09-05T16:20:11.579+0000] {local_task_job_runner.py:222} INFO - ::endgroup::
