[2025-09-05T16:15:27.757+0000] {local_task_job_runner.py:120} INFO - ::group::Pre task execution logs
[2025-09-05T16:15:27.794+0000] {taskinstance.py:2076} INFO - Dependencies all met for dep_context=non-requeueable deps ti=<TaskInstance: etl_finanzas_dag.transform scheduled__2025-09-04T00:00:00+00:00 [queued]>
[2025-09-05T16:15:27.803+0000] {taskinstance.py:2076} INFO - Dependencies all met for dep_context=requeueable deps ti=<TaskInstance: etl_finanzas_dag.transform scheduled__2025-09-04T00:00:00+00:00 [queued]>
[2025-09-05T16:15:27.804+0000] {taskinstance.py:2306} INFO - Starting attempt 1 of 2
[2025-09-05T16:15:27.822+0000] {taskinstance.py:2330} INFO - Executing <Task(PythonOperator): transform> on 2025-09-04 00:00:00+00:00
[2025-09-05T16:15:27.840+0000] {standard_task_runner.py:90} INFO - Running: ['airflow', 'tasks', 'run', 'etl_finanzas_dag', 'transform', 'scheduled__2025-09-04T00:00:00+00:00', '--job-id', '3', '--raw', '--subdir', 'DAGS_FOLDER/etl_finanzas_dag.py', '--cfg-path', '/tmp/tmp55gbe4oh']
[2025-09-05T16:15:27.844+0000] {standard_task_runner.py:91} INFO - Job 3: Subtask transform
[2025-09-05T16:15:27.852+0000] {logging_mixin.py:188} WARNING - /home/airflow/.local/lib/python3.12/site-packages/airflow/task/task_runner/standard_task_runner.py:61 DeprecationWarning: This process (pid=178) is multi-threaded, use of fork() may lead to deadlocks in the child.
[2025-09-05T16:15:27.853+0000] {standard_task_runner.py:63} INFO - Started process 185 to run task
[2025-09-05T16:15:27.912+0000] {task_command.py:426} INFO - Running <TaskInstance: etl_finanzas_dag.transform scheduled__2025-09-04T00:00:00+00:00 [running]> on host 0b9a93795fbb
[2025-09-05T16:15:27.984+0000] {taskinstance.py:2648} INFO - Exporting env vars: AIRFLOW_CTX_DAG_OWNER='Freddy' AIRFLOW_CTX_DAG_ID='etl_finanzas_dag' AIRFLOW_CTX_TASK_ID='transform' AIRFLOW_CTX_EXECUTION_DATE='2025-09-04T00:00:00+00:00' AIRFLOW_CTX_TRY_NUMBER='1' AIRFLOW_CTX_DAG_RUN_ID='scheduled__2025-09-04T00:00:00+00:00'
[2025-09-05T16:15:27.987+0000] {taskinstance.py:430} INFO - ::endgroup::
[2025-09-05T16:15:28.012+0000] {logging_mixin.py:188} WARNING - /opt/airflow/dags/etl_finanzas_dag.py:16 FutureWarning: Passing literal json to 'read_json' is deprecated and will be removed in a future version. To read from a literal string, wrap it in a 'StringIO' object.
[2025-09-05T16:15:28.056+0000] {logging_mixin.py:188} INFO -  Datos transformados: 21 registros
[2025-09-05T16:15:28.066+0000] {python.py:237} INFO - Done. Returned value was: None
[2025-09-05T16:15:28.067+0000] {taskinstance.py:441} INFO - ::group::Post task execution logs
[2025-09-05T16:15:28.071+0000] {taskinstance.py:1206} INFO - Marking task as SUCCESS. dag_id=etl_finanzas_dag, task_id=transform, run_id=scheduled__2025-09-04T00:00:00+00:00, execution_date=20250904T000000, start_date=20250905T161527, end_date=20250905T161528
[2025-09-05T16:15:28.110+0000] {local_task_job_runner.py:240} INFO - Task exited with return code 0
[2025-09-05T16:15:28.125+0000] {taskinstance.py:3498} INFO - 1 downstream tasks scheduled from follow-on schedule check
[2025-09-05T16:15:28.130+0000] {local_task_job_runner.py:222} INFO - ::endgroup::
[2025-09-05T16:20:17.798+0000] {local_task_job_runner.py:120} INFO - ::group::Pre task execution logs
[2025-09-05T16:20:17.862+0000] {taskinstance.py:2076} INFO - Dependencies all met for dep_context=non-requeueable deps ti=<TaskInstance: etl_finanzas_dag.transform scheduled__2025-09-04T00:00:00+00:00 [queued]>
[2025-09-05T16:20:17.874+0000] {taskinstance.py:2076} INFO - Dependencies all met for dep_context=requeueable deps ti=<TaskInstance: etl_finanzas_dag.transform scheduled__2025-09-04T00:00:00+00:00 [queued]>
[2025-09-05T16:20:17.875+0000] {taskinstance.py:2306} INFO - Starting attempt 1 of 2
[2025-09-05T16:20:17.902+0000] {taskinstance.py:2330} INFO - Executing <Task(PythonOperator): transform> on 2025-09-04 00:00:00+00:00
[2025-09-05T16:20:17.995+0000] {standard_task_runner.py:90} INFO - Running: ['airflow', 'tasks', 'run', 'etl_finanzas_dag', 'transform', 'scheduled__2025-09-04T00:00:00+00:00', '--job-id', '3', '--raw', '--subdir', 'DAGS_FOLDER/etl_finanzas_dag.py', '--cfg-path', '/tmp/tmp4bpla9k7']
[2025-09-05T16:20:18.073+0000] {standard_task_runner.py:91} INFO - Job 3: Subtask transform
[2025-09-05T16:20:18.107+0000] {logging_mixin.py:188} WARNING - /home/airflow/.local/lib/python3.12/site-packages/airflow/task/task_runner/standard_task_runner.py:61 DeprecationWarning: This process (pid=44) is multi-threaded, use of fork() may lead to deadlocks in the child.
[2025-09-05T16:20:18.109+0000] {standard_task_runner.py:63} INFO - Started process 57 to run task
[2025-09-05T16:20:18.722+0000] {task_command.py:426} INFO - Running <TaskInstance: etl_finanzas_dag.transform scheduled__2025-09-04T00:00:00+00:00 [running]> on host 2915bafccca2
[2025-09-05T16:20:18.996+0000] {taskinstance.py:2648} INFO - Exporting env vars: AIRFLOW_CTX_DAG_OWNER='Freddy' AIRFLOW_CTX_DAG_ID='etl_finanzas_dag' AIRFLOW_CTX_TASK_ID='transform' AIRFLOW_CTX_EXECUTION_DATE='2025-09-04T00:00:00+00:00' AIRFLOW_CTX_TRY_NUMBER='1' AIRFLOW_CTX_DAG_RUN_ID='scheduled__2025-09-04T00:00:00+00:00'
[2025-09-05T16:20:19.001+0000] {taskinstance.py:430} INFO - ::endgroup::
[2025-09-05T16:20:19.102+0000] {logging_mixin.py:188} WARNING - /opt/airflow/dags/etl_finanzas_dag.py:16 FutureWarning: Passing literal json to 'read_json' is deprecated and will be removed in a future version. To read from a literal string, wrap it in a 'StringIO' object.
[2025-09-05T16:20:19.185+0000] {logging_mixin.py:188} INFO -  Datos transformados: 21 registros
[2025-09-05T16:20:19.205+0000] {python.py:237} INFO - Done. Returned value was: None
[2025-09-05T16:20:19.205+0000] {taskinstance.py:441} INFO - ::group::Post task execution logs
[2025-09-05T16:20:19.210+0000] {taskinstance.py:1206} INFO - Marking task as SUCCESS. dag_id=etl_finanzas_dag, task_id=transform, run_id=scheduled__2025-09-04T00:00:00+00:00, execution_date=20250904T000000, start_date=20250905T162017, end_date=20250905T162019
[2025-09-05T16:20:19.298+0000] {local_task_job_runner.py:240} INFO - Task exited with return code 0
[2025-09-05T16:20:19.321+0000] {taskinstance.py:3498} INFO - 1 downstream tasks scheduled from follow-on schedule check
[2025-09-05T16:20:19.329+0000] {local_task_job_runner.py:222} INFO - ::endgroup::
