[2025-09-05T16:29:49.941+0000] {local_task_job_runner.py:120} INFO - ::group::Pre task execution logs
[2025-09-05T16:29:49.961+0000] {taskinstance.py:2076} INFO - Dependencies all met for dep_context=non-requeueable deps ti=<TaskInstance: etl_finanzas_dag.transform manual__2025-09-05T16:29:38.072190+00:00 [queued]>
[2025-09-05T16:29:49.968+0000] {taskinstance.py:2076} INFO - Dependencies all met for dep_context=requeueable deps ti=<TaskInstance: etl_finanzas_dag.transform manual__2025-09-05T16:29:38.072190+00:00 [queued]>
[2025-09-05T16:29:49.969+0000] {taskinstance.py:2306} INFO - Starting attempt 1 of 2
[2025-09-05T16:29:49.984+0000] {taskinstance.py:2330} INFO - Executing <Task(PythonOperator): transform> on 2025-09-05 16:29:38.072190+00:00
[2025-09-05T16:29:50.001+0000] {standard_task_runner.py:90} INFO - Running: ['airflow', 'tasks', 'run', 'etl_finanzas_dag', 'transform', 'manual__2025-09-05T16:29:38.072190+00:00', '--job-id', '6', '--raw', '--subdir', 'DAGS_FOLDER/etl_finanzas_dag.py', '--cfg-path', '/tmp/tmpgdaocxe1']
[2025-09-05T16:29:50.006+0000] {standard_task_runner.py:91} INFO - Job 6: Subtask transform
[2025-09-05T16:29:50.011+0000] {logging_mixin.py:188} WARNING - /home/airflow/.local/lib/python3.12/site-packages/airflow/task/task_runner/standard_task_runner.py:61 DeprecationWarning: This process (pid=144) is multi-threaded, use of fork() may lead to deadlocks in the child.
[2025-09-05T16:29:50.012+0000] {standard_task_runner.py:63} INFO - Started process 151 to run task
[2025-09-05T16:29:50.069+0000] {task_command.py:426} INFO - Running <TaskInstance: etl_finanzas_dag.transform manual__2025-09-05T16:29:38.072190+00:00 [running]> on host 2915bafccca2
[2025-09-05T16:29:50.142+0000] {taskinstance.py:2648} INFO - Exporting env vars: AIRFLOW_CTX_DAG_OWNER='Freddy' AIRFLOW_CTX_DAG_ID='etl_finanzas_dag' AIRFLOW_CTX_TASK_ID='transform' AIRFLOW_CTX_EXECUTION_DATE='2025-09-05T16:29:38.072190+00:00' AIRFLOW_CTX_TRY_NUMBER='1' AIRFLOW_CTX_DAG_RUN_ID='manual__2025-09-05T16:29:38.072190+00:00'
[2025-09-05T16:29:50.143+0000] {taskinstance.py:430} INFO - ::endgroup::
[2025-09-05T16:29:50.169+0000] {logging_mixin.py:188} WARNING - /opt/airflow/dags/etl_finanzas_dag.py:16 FutureWarning: Passing literal json to 'read_json' is deprecated and will be removed in a future version. To read from a literal string, wrap it in a 'StringIO' object.
[2025-09-05T16:29:50.197+0000] {logging_mixin.py:188} INFO -  Datos transformados: 21 registros
[2025-09-05T16:29:50.208+0000] {python.py:237} INFO - Done. Returned value was: None
[2025-09-05T16:29:50.209+0000] {taskinstance.py:441} INFO - ::group::Post task execution logs
[2025-09-05T16:29:50.214+0000] {taskinstance.py:1206} INFO - Marking task as SUCCESS. dag_id=etl_finanzas_dag, task_id=transform, run_id=manual__2025-09-05T16:29:38.072190+00:00, execution_date=20250905T162938, start_date=20250905T162949, end_date=20250905T162950
[2025-09-05T16:29:50.268+0000] {local_task_job_runner.py:240} INFO - Task exited with return code 0
[2025-09-05T16:29:50.282+0000] {taskinstance.py:3498} INFO - 1 downstream tasks scheduled from follow-on schedule check
[2025-09-05T16:29:50.288+0000] {local_task_job_runner.py:222} INFO - ::endgroup::
