[2025-09-05T16:15:32.025+0000] {local_task_job_runner.py:120} INFO - ::group::Pre task execution logs
[2025-09-05T16:15:32.046+0000] {taskinstance.py:2076} INFO - Dependencies all met for dep_context=non-requeueable deps ti=<TaskInstance: etl_finanzas_dag.load scheduled__2025-09-04T00:00:00+00:00 [queued]>
[2025-09-05T16:15:32.052+0000] {taskinstance.py:2076} INFO - Dependencies all met for dep_context=requeueable deps ti=<TaskInstance: etl_finanzas_dag.load scheduled__2025-09-04T00:00:00+00:00 [queued]>
[2025-09-05T16:15:32.053+0000] {taskinstance.py:2306} INFO - Starting attempt 1 of 2
[2025-09-05T16:15:32.066+0000] {taskinstance.py:2330} INFO - Executing <Task(PythonOperator): load> on 2025-09-04 00:00:00+00:00
[2025-09-05T16:15:32.078+0000] {standard_task_runner.py:90} INFO - Running: ['airflow', 'tasks', 'run', 'etl_finanzas_dag', 'load', 'scheduled__2025-09-04T00:00:00+00:00', '--job-id', '4', '--raw', '--subdir', 'DAGS_FOLDER/etl_finanzas_dag.py', '--cfg-path', '/tmp/tmp1ggto4vh']
[2025-09-05T16:15:32.082+0000] {standard_task_runner.py:91} INFO - Job 4: Subtask load
[2025-09-05T16:15:32.090+0000] {logging_mixin.py:188} WARNING - /home/airflow/.local/lib/python3.12/site-packages/airflow/task/task_runner/standard_task_runner.py:61 DeprecationWarning: This process (pid=186) is multi-threaded, use of fork() may lead to deadlocks in the child.
[2025-09-05T16:15:32.091+0000] {standard_task_runner.py:63} INFO - Started process 193 to run task
[2025-09-05T16:15:32.142+0000] {task_command.py:426} INFO - Running <TaskInstance: etl_finanzas_dag.load scheduled__2025-09-04T00:00:00+00:00 [running]> on host 0b9a93795fbb
[2025-09-05T16:15:32.205+0000] {taskinstance.py:2648} INFO - Exporting env vars: AIRFLOW_CTX_DAG_OWNER='Freddy' AIRFLOW_CTX_DAG_ID='etl_finanzas_dag' AIRFLOW_CTX_TASK_ID='load' AIRFLOW_CTX_EXECUTION_DATE='2025-09-04T00:00:00+00:00' AIRFLOW_CTX_TRY_NUMBER='1' AIRFLOW_CTX_DAG_RUN_ID='scheduled__2025-09-04T00:00:00+00:00'
[2025-09-05T16:15:32.207+0000] {taskinstance.py:430} INFO - ::endgroup::
[2025-09-05T16:15:32.229+0000] {logging_mixin.py:188} WARNING - /opt/airflow/dags/etl_finanzas_dag.py:23 FutureWarning: Passing literal json to 'read_json' is deprecated and will be removed in a future version. To read from a literal string, wrap it in a 'StringIO' object.
[2025-09-05T16:15:32.253+0000] {logging_mixin.py:188} INFO -  Datos cargados en data/resumen_gasto_mensual.csv
[2025-09-05T16:15:32.253+0000] {python.py:237} INFO - Done. Returned value was: None
[2025-09-05T16:15:32.254+0000] {taskinstance.py:441} INFO - ::group::Post task execution logs
[2025-09-05T16:15:32.258+0000] {taskinstance.py:1206} INFO - Marking task as SUCCESS. dag_id=etl_finanzas_dag, task_id=load, run_id=scheduled__2025-09-04T00:00:00+00:00, execution_date=20250904T000000, start_date=20250905T161532, end_date=20250905T161532
[2025-09-05T16:15:32.307+0000] {local_task_job_runner.py:240} INFO - Task exited with return code 0
[2025-09-05T16:15:32.316+0000] {taskinstance.py:3498} INFO - 0 downstream tasks scheduled from follow-on schedule check
[2025-09-05T16:15:32.317+0000] {local_task_job_runner.py:222} INFO - ::endgroup::
[2025-09-05T16:20:24.722+0000] {local_task_job_runner.py:120} INFO - ::group::Pre task execution logs
[2025-09-05T16:20:24.777+0000] {taskinstance.py:2076} INFO - Dependencies all met for dep_context=non-requeueable deps ti=<TaskInstance: etl_finanzas_dag.load scheduled__2025-09-04T00:00:00+00:00 [queued]>
[2025-09-05T16:20:24.790+0000] {taskinstance.py:2076} INFO - Dependencies all met for dep_context=requeueable deps ti=<TaskInstance: etl_finanzas_dag.load scheduled__2025-09-04T00:00:00+00:00 [queued]>
[2025-09-05T16:20:24.791+0000] {taskinstance.py:2306} INFO - Starting attempt 1 of 2
[2025-09-05T16:20:24.816+0000] {taskinstance.py:2330} INFO - Executing <Task(PythonOperator): load> on 2025-09-04 00:00:00+00:00
[2025-09-05T16:20:24.862+0000] {standard_task_runner.py:90} INFO - Running: ['airflow', 'tasks', 'run', 'etl_finanzas_dag', 'load', 'scheduled__2025-09-04T00:00:00+00:00', '--job-id', '4', '--raw', '--subdir', 'DAGS_FOLDER/etl_finanzas_dag.py', '--cfg-path', '/tmp/tmpcadmutby']
[2025-09-05T16:20:24.876+0000] {standard_task_runner.py:91} INFO - Job 4: Subtask load
[2025-09-05T16:20:24.901+0000] {logging_mixin.py:188} WARNING - /home/airflow/.local/lib/python3.12/site-packages/airflow/task/task_runner/standard_task_runner.py:61 DeprecationWarning: This process (pid=58) is multi-threaded, use of fork() may lead to deadlocks in the child.
[2025-09-05T16:20:24.902+0000] {standard_task_runner.py:63} INFO - Started process 65 to run task
[2025-09-05T16:20:25.101+0000] {task_command.py:426} INFO - Running <TaskInstance: etl_finanzas_dag.load scheduled__2025-09-04T00:00:00+00:00 [running]> on host 2915bafccca2
[2025-09-05T16:20:25.284+0000] {taskinstance.py:2648} INFO - Exporting env vars: AIRFLOW_CTX_DAG_OWNER='Freddy' AIRFLOW_CTX_DAG_ID='etl_finanzas_dag' AIRFLOW_CTX_TASK_ID='load' AIRFLOW_CTX_EXECUTION_DATE='2025-09-04T00:00:00+00:00' AIRFLOW_CTX_TRY_NUMBER='1' AIRFLOW_CTX_DAG_RUN_ID='scheduled__2025-09-04T00:00:00+00:00'
[2025-09-05T16:20:25.288+0000] {taskinstance.py:430} INFO - ::endgroup::
[2025-09-05T16:20:25.351+0000] {logging_mixin.py:188} WARNING - /opt/airflow/dags/etl_finanzas_dag.py:23 FutureWarning: Passing literal json to 'read_json' is deprecated and will be removed in a future version. To read from a literal string, wrap it in a 'StringIO' object.
[2025-09-05T16:20:25.433+0000] {logging_mixin.py:188} INFO -  Datos cargados en data/resumen_gasto_mensual.csv
[2025-09-05T16:20:25.434+0000] {python.py:237} INFO - Done. Returned value was: None
[2025-09-05T16:20:25.435+0000] {taskinstance.py:441} INFO - ::group::Post task execution logs
[2025-09-05T16:20:25.442+0000] {taskinstance.py:1206} INFO - Marking task as SUCCESS. dag_id=etl_finanzas_dag, task_id=load, run_id=scheduled__2025-09-04T00:00:00+00:00, execution_date=20250904T000000, start_date=20250905T162024, end_date=20250905T162025
[2025-09-05T16:20:25.485+0000] {local_task_job_runner.py:240} INFO - Task exited with return code 0
[2025-09-05T16:20:25.499+0000] {taskinstance.py:3498} INFO - 0 downstream tasks scheduled from follow-on schedule check
[2025-09-05T16:20:25.501+0000] {local_task_job_runner.py:222} INFO - ::endgroup::
